c:\users\adamj\onedrive\documents\msu\cse 335\project 1\project1\x64\debug\project1.pch
c:\users\adamj\onedrive\documents\msu\cse 335\project 1\project1\x64\debug\vc142.pdb
c:\users\adamj\onedrive\documents\msu\cse 335\project 1\project1\x64\debug\vc142.idb
c:\users\adamj\onedrive\documents\msu\cse 335\project 1\project1\x64\debug\pch.obj
c:\users\adamj\onedrive\documents\msu\cse 335\project 1\project1\x64\debug\visitorballoon.obj
c:\users\adamj\onedrive\documents\msu\cse 335\project 1\project1\x64\debug\visitor.obj
c:\users\adamj\onedrive\documents\msu\cse 335\project 1\project1\x64\debug\towerseek.obj
c:\users\adamj\onedrive\documents\msu\cse 335\project 1\project1\x64\debug\towerring.obj
c:\users\adamj\onedrive\documents\msu\cse 335\project 1\project1\x64\debug\towerlaunch.obj
c:\users\adamj\onedrive\documents\msu\cse 335\project 1\project1\x64\debug\towereight.obj
c:\users\adamj\onedrive\documents\msu\cse 335\project 1\project1\x64\debug\towerbomb.obj
c:\users\adamj\onedrive\documents\msu\cse 335\project 1\project1\x64\debug\tiletrees.obj
c:\users\adamj\onedrive\documents\msu\cse 335\project 1\project1\x64\debug\tileroad.obj
c:\users\adamj\onedrive\documents\msu\cse 335\project 1\project1\x64\debug\tileopen.obj
c:\users\adamj\onedrive\documents\msu\cse 335\project 1\project1\x64\debug\tilehouse.obj
c:\users\adamj\onedrive\documents\msu\cse 335\project 1\project1\x64\debug\tile.obj
c:\users\adamj\onedrive\documents\msu\cse 335\project 1\project1\x64\debug\project1.obj
c:\users\adamj\onedrive\documents\msu\cse 335\project 1\project1\x64\debug\mainfrm.obj
c:\users\adamj\onedrive\documents\msu\cse 335\project 1\project1\x64\debug\item.obj
c:\users\adamj\onedrive\documents\msu\cse 335\project 1\project1\x64\debug\childview.obj
c:\users\adamj\onedrive\documents\msu\cse 335\project 1\project1\x64\debug\buttongo.obj
c:\users\adamj\onedrive\documents\msu\cse 335\project 1\project1\x64\debug\board.obj
c:\users\adamj\onedrive\documents\msu\cse 335\project 1\project1\x64\debug\balloon.obj
c:\users\adamj\onedrive\documents\msu\cse 335\project 1\project1\x64\debug\xmltiledeclaration.obj
c:\users\adamj\onedrive\documents\msu\cse 335\project 1\project1\x64\debug\xmlnode.obj
c:\users\adamj\onedrive\documents\msu\cse 335\project 1\project1\x64\debug\visitordart.obj
c:\users\adamj\onedrive\documents\msu\cse 335\project 1\project1\x64\debug\dart.obj
c:\users\adamj\onedrive\documents\msu\cse 335\project 1\project1\x64\debug\visitortowerring.obj
c:\users\adamj\onedrive\documents\msu\cse 335\project 1\x64\debug\project1.exe
c:\users\adamj\onedrive\documents\msu\cse 335\project 1\x64\debug\project1.ilk
c:\users\adamj\onedrive\documents\msu\cse 335\project 1\x64\debug\project1.pdb
c:\users\adamj\onedrive\documents\msu\cse 335\project 1\project1\x64\debug\project1.res
c:\users\adamj\onedrive\documents\msu\cse 335\project 1\project1\x64\debug\project1.tlog\cl.command.1.tlog
c:\users\adamj\onedrive\documents\msu\cse 335\project 1\project1\x64\debug\project1.tlog\cl.read.1.tlog
c:\users\adamj\onedrive\documents\msu\cse 335\project 1\project1\x64\debug\project1.tlog\cl.write.1.tlog
c:\users\adamj\onedrive\documents\msu\cse 335\project 1\project1\x64\debug\project1.tlog\link.command.1.tlog
c:\users\adamj\onedrive\documents\msu\cse 335\project 1\project1\x64\debug\project1.tlog\link.read.1.tlog
c:\users\adamj\onedrive\documents\msu\cse 335\project 1\project1\x64\debug\project1.tlog\link.write.1.tlog
c:\users\adamj\onedrive\documents\msu\cse 335\project 1\project1\x64\debug\project1.tlog\rc.command.1.tlog
c:\users\adamj\onedrive\documents\msu\cse 335\project 1\project1\x64\debug\project1.tlog\rc.read.1.tlog
c:\users\adamj\onedrive\documents\msu\cse 335\project 1\project1\x64\debug\project1.tlog\rc.write.1.tlog
